Flutter crash report; please file at https://github.com/flutter/flutter/issues.

## command

flutter --no-color packages upgrade

## exception

YamlException: Error on line 30, column 1: Duplicate mapping key.
flutter:
^^^^^^^

```
#0      Loader._loadMapping (package:yaml/src/loader.dart:167)
#1      Loader._loadNode (package:yaml/src/loader.dart:86)
#2      Loader._loadDocument (package:yaml/src/loader.dart:62)
#3      Loader.load (package:yaml/src/loader.dart:54)
#4      loadYamlDocument (package:yaml/yaml.dart:51)
#5      loadYamlNode (package:yaml/yaml.dart:42)
#6      loadYaml (package:yaml/yaml.dart:34)
#7      _pluginFromPubspec (package:flutter_tools/src/plugins.dart:52)
#8      _findPlugins.<anonymous closure> (package:flutter_tools/src/plugins.dart:75)
#9      _HashVMBase&MapMixin&&_LinkedHashMapMixin.forEach (dart:collection-patch/dart:collection/compact_hash.dart:363)
#10     _findPlugins (package:flutter_tools/src/plugins.dart:73)
#11     injectPlugins (package:flutter_tools/src/plugins.dart:234)
#12     FlutterProject.ensureReadyForPlatformSpecificTooling (package:flutter_tools/src/project.dart:62)
#13     PackagesGetCommand.runCommand (package:flutter_tools/src/commands/packages.dart:85)
<asynchronous suspension>
#14     FlutterCommand.verifyThenRunCommand (package:flutter_tools/src/runner/flutter_command.dart:344)
<asynchronous suspension>
#15     FlutterCommand.run.<anonymous closure> (package:flutter_tools/src/runner/flutter_command.dart:279)
<asynchronous suspension>
#16     AppContext.run.<anonymous closure> (package:flutter_tools/src/base/context.dart:142)
<asynchronous suspension>
#17     _rootRun (dart:async/zone.dart:1126)
#18     _CustomZone.run (dart:async/zone.dart:1023)
#19     runZoned (dart:async/zone.dart:1501)
#20     AppContext.run (package:flutter_tools/src/base/context.dart:141)
<asynchronous suspension>
#21     FlutterCommand.run (package:flutter_tools/src/runner/flutter_command.dart:270)
#22     CommandRunner.runCommand (package:args/command_runner.dart:194)
<asynchronous suspension>
#23     FlutterCommandRunner.runCommand.<anonymous closure> (package:flutter_tools/src/runner/flutter_command_runner.dart:309)
<asynchronous suspension>
#24     AppContext.run.<anonymous closure> (package:flutter_tools/src/base/context.dart:142)
<asynchronous suspension>
#25     _rootRun (dart:async/zone.dart:1126)
#26     _CustomZone.run (dart:async/zone.dart:1023)
#27     runZoned (dart:async/zone.dart:1501)
#28     AppContext.run (package:flutter_tools/src/base/context.dart:141)
<asynchronous suspension>
#29     FlutterCommandRunner.runCommand (package:flutter_tools/src/runner/flutter_command_runner.dart:265)
<asynchronous suspension>
#30     CommandRunner.run.<anonymous closure> (package:args/command_runner.dart:109)
#31     new Future.sync (dart:async/future.dart:222)
#32     CommandRunner.run (package:args/command_runner.dart:109)
#33     FlutterCommandRunner.run (package:flutter_tools/src/runner/flutter_command_runner.dart:174)
#34     run.<anonymous closure> (package:flutter_tools/runner.dart:59)
<asynchronous suspension>
#35     AppContext.run.<anonymous closure> (package:flutter_tools/src/base/context.dart:142)
<asynchronous suspension>
#36     _rootRun (dart:async/zone.dart:1126)
#37     _CustomZone.run (dart:async/zone.dart:1023)
#38     runZoned (dart:async/zone.dart:1501)
#39     AppContext.run (package:flutter_tools/src/base/context.dart:141)
<asynchronous suspension>
#40     runInContext (package:flutter_tools/src/context_runner.dart:43)
<asynchronous suspension>
#41     run (package:flutter_tools/runner.dart:50)
#42     main (package:flutter_tools/executable.dart:49)
<asynchronous suspension>
#43     main (file:///E:/b/build/slave/Windows_Flutter_Packaging/build/archive/flutter/packages/flutter_tools/bin/flutter_tools.dart:8)
#44     _startIsolate.<anonymous closure> (dart:isolate-patch/dart:isolate/isolate_patch.dart:277)
#45     _RawReceivePortImpl._handleMessage (dart:isolate-patch/dart:isolate/isolate_patch.dart:165)
```

## flutter doctor

```
[✓] Flutter (Channel beta, v0.5.1, on Microsoft Windows [Version 10.0.17134.165], locale en-US)
    • Flutter version 0.5.1 at C:\src\flutter
    • Framework revision c7ea3ca377 (8 weeks ago), 2018-05-29 21:07:33 +0200
    • Engine revision 1ed25ca7b7
    • Dart version 2.0.0-dev.58.0.flutter-f981f09760

[✓] Android toolchain - develop for Android devices (Android SDK 27.0.3)
    • Android SDK at C:\Users\Rituka Patwal\AppData\Local\Android\sdk
    • Android NDK location not configured (optional; useful for native profiling support)
    • Platform android-27, build-tools 27.0.3
    • Java binary at: C:\Program Files\Android\Android Studio\jre\bin\java
    • Java version OpenJDK Runtime Environment (build 1.8.0_152-release-915-b01)
    • All Android licenses accepted.

[✓] Android Studio (version 3.0)
    • Android Studio at C:\Program Files\Android\Android Studio
    • Flutter plugin version 23.2.1
    • Dart plugin version 171.4424
    • Java version OpenJDK Runtime Environment (build 1.8.0_152-release-915-b01)

[✓] IntelliJ IDEA Ultimate Edition (version 2017.3)
    • IntelliJ at C:\Program Files\JetBrains\IntelliJ IDEA 2017.3.4
    • Flutter plugin version 25.0.1
    • Dart plugin version 173.4700

[!] VS Code, 64-bit edition (version 1.25.1)
    • VS Code at C:\Program Files\Microsoft VS Code
    • Flutter extension not installed; install from
      https://marketplace.visualstudio.com/items?itemName=Dart-Code.flutter

[✓] Connected devices (1 available)
    • Android SDK built for x86 • emulator-5554 • android-x86 • Android 8.0.0 (API 26) (emulator)

! Doctor found issues in 1 category.
```
