Flutter crash report; please file at https://github.com/flutter/flutter/issues.

## command

flutter --no-color packages get

## exception

ArgumentError: Invalid argument(s): androidPackage

```
#0      List.[] (dart:core-patch/dart:core/growable_array.dart:141)
#1      List.elementAt (dart:core-patch/dart:core/growable_array.dart:347)
#2      UnmodifiableListView.[] (dart:collection/collections.dart:31)
#3      YamlList.[] (package:yaml/src/yaml_node.dart:136)
#4      new Plugin.fromYaml (package:flutter_tools/src/plugins.dart:34)
#5      _pluginFromPubspec (package:flutter_tools/src/plugins.dart:60)
#6      _findPlugins.<anonymous closure> (package:flutter_tools/src/plugins.dart:75)
#7      _HashVMBase&MapMixin&&_LinkedHashMapMixin.forEach (dart:collection-patch/dart:collection/compact_hash.dart:363)
#8      _findPlugins (package:flutter_tools/src/plugins.dart:73)
#9      injectPlugins (package:flutter_tools/src/plugins.dart:234)
#10     FlutterProject.ensureReadyForPlatformSpecificTooling (package:flutter_tools/src/project.dart:62)
#11     PackagesGetCommand.runCommand (package:flutter_tools/src/commands/packages.dart:85)
<asynchronous suspension>
#12     FlutterCommand.verifyThenRunCommand (package:flutter_tools/src/runner/flutter_command.dart:344)
<asynchronous suspension>
#13     FlutterCommand.run.<anonymous closure> (package:flutter_tools/src/runner/flutter_command.dart:279)
<asynchronous suspension>
#14     AppContext.run.<anonymous closure> (package:flutter_tools/src/base/context.dart:142)
<asynchronous suspension>
#15     _rootRun (dart:async/zone.dart:1126)
#16     _CustomZone.run (dart:async/zone.dart:1023)
#17     runZoned (dart:async/zone.dart:1501)
#18     AppContext.run (package:flutter_tools/src/base/context.dart:141)
<asynchronous suspension>
#19     FlutterCommand.run (package:flutter_tools/src/runner/flutter_command.dart:270)
#20     CommandRunner.runCommand (package:args/command_runner.dart:194)
<asynchronous suspension>
#21     FlutterCommandRunner.runCommand.<anonymous closure> (package:flutter_tools/src/runner/flutter_command_runner.dart:309)
<asynchronous suspension>
#22     AppContext.run.<anonymous closure> (package:flutter_tools/src/base/context.dart:142)
<asynchronous suspension>
#23     _rootRun (dart:async/zone.dart:1126)
#24     _CustomZone.run (dart:async/zone.dart:1023)
#25     runZoned (dart:async/zone.dart:1501)
#26     AppContext.run (package:flutter_tools/src/base/context.dart:141)
<asynchronous suspension>
#27     FlutterCommandRunner.runCommand (package:flutter_tools/src/runner/flutter_command_runner.dart:265)
<asynchronous suspension>
#28     CommandRunner.run.<anonymous closure> (package:args/command_runner.dart:109)
#29     new Future.sync (dart:async/future.dart:222)
#30     CommandRunner.run (package:args/command_runner.dart:109)
#31     FlutterCommandRunner.run (package:flutter_tools/src/runner/flutter_command_runner.dart:174)
#32     run.<anonymous closure> (package:flutter_tools/runner.dart:59)
<asynchronous suspension>
#33     AppContext.run.<anonymous closure> (package:flutter_tools/src/base/context.dart:142)
<asynchronous suspension>
#34     _rootRun (dart:async/zone.dart:1126)
#35     _CustomZone.run (dart:async/zone.dart:1023)
#36     runZoned (dart:async/zone.dart:1501)
#37     AppContext.run (package:flutter_tools/src/base/context.dart:141)
<asynchronous suspension>
#38     runInContext (package:flutter_tools/src/context_runner.dart:43)
<asynchronous suspension>
#39     run (package:flutter_tools/runner.dart:50)
#40     main (package:flutter_tools/executable.dart:49)
<asynchronous suspension>
#41     main (file:///E:/b/build/slave/Windows_Flutter_Packaging/build/archive/flutter/packages/flutter_tools/bin/flutter_tools.dart:8)
#42     _startIsolate.<anonymous closure> (dart:isolate-patch/dart:isolate/isolate_patch.dart:277)
#43     _RawReceivePortImpl._handleMessage (dart:isolate-patch/dart:isolate/isolate_patch.dart:165)
```

## flutter doctor

```
[✓] Flutter (Channel beta, v0.5.1, on Microsoft Windows [Version 10.0.17134.165], locale en-US)
    • Flutter version 0.5.1 at C:\src\flutter
    • Framework revision c7ea3ca377 (8 weeks ago), 2018-05-29 21:07:33 +0200
    • Engine revision 1ed25ca7b7
    • Dart version 2.0.0-dev.58.0.flutter-f981f09760

[✓] Android toolchain - develop for Android devices (Android SDK 27.0.3)
    • Android SDK at C:\Users\Rituka Patwal\AppData\Local\Android\sdk
    • Android NDK location not configured (optional; useful for native profiling support)
    • Platform android-27, build-tools 27.0.3
    • Java binary at: C:\Program Files\Android\Android Studio\jre\bin\java
    • Java version OpenJDK Runtime Environment (build 1.8.0_152-release-915-b01)
    • All Android licenses accepted.

[✓] Android Studio (version 3.0)
    • Android Studio at C:\Program Files\Android\Android Studio
    • Flutter plugin version 23.2.1
    • Dart plugin version 171.4424
    • Java version OpenJDK Runtime Environment (build 1.8.0_152-release-915-b01)

[✓] IntelliJ IDEA Ultimate Edition (version 2017.3)
    • IntelliJ at C:\Program Files\JetBrains\IntelliJ IDEA 2017.3.4
    • Flutter plugin version 25.0.1
    • Dart plugin version 173.4700

[!] VS Code, 64-bit edition (version 1.25.1)
    • VS Code at C:\Program Files\Microsoft VS Code
    • Flutter extension not installed; install from
      https://marketplace.visualstudio.com/items?itemName=Dart-Code.flutter

[✓] Connected devices (1 available)
    • Android SDK built for x86 • emulator-5554 • android-x86 • Android 8.0.0 (API 26) (emulator)

! Doctor found issues in 1 category.
```
